[0m22:26:00.825991 [debug] [MainThread]: Sending event: {'category': 'dbt', 'action': 'invocation', 'label': 'start', 'context': [<snowplow_tracker.self_describing_json.SelfDescribingJson object at 0x000001CF4B17C980>, <snowplow_tracker.self_describing_json.SelfDescribingJson object at 0x000001CF46DC9090>, <snowplow_tracker.self_describing_json.SelfDescribingJson object at 0x000001CF4D65F9D0>]}


============================== 22:26:00.833989 | 9ca5d37c-92b0-4619-aeb9-84c78ec8d3ce ==============================
[0m22:26:00.833989 [info ] [MainThread]: Running with dbt=1.12.0-b3
[0m22:26:00.834844 [debug] [MainThread]: running dbt with arguments {'profiles_dir': 'C:\\Users\\tqvkh\\.dbt', 'cache_selected_only': 'False', 'use_colors': 'True', 'no_print': 'None', 'target_path': 'None', 'warn_error': 'None', 'log_path': 'logs', 'partial_parse': 'True', 'indirect_selection': 'eager', 'send_anonymous_usage_stats': 'True', 'fail_fast': 'False', 'warn_error_options': 'WarnErrorOptionsV2(error=[], warn=[], silence=[])', 'maximum_seed_size_mib': '1', 'static_parser': 'True', 'version_check': 'True', 'use_experimental_parser': 'False', 'quiet': 'False', 'introspect': 'True', 'empty': 'None', 'log_cache_events': 'False', 'debug': 'False', 'log_format': 'default', 'invocation_command': 'dbt debug --project-dir dbt', 'printer_width': '80', 'write_json': 'True'}
[0m22:26:00.866320 [info ] [MainThread]: dbt version: 1.12.0-b3
[0m22:26:00.867005 [info ] [MainThread]: python version: 3.13.2
[0m22:26:00.867492 [info ] [MainThread]: python path: C:\Users\tqvkh\AppData\Local\Programs\Python\Python313\python.exe
[0m22:26:00.867778 [info ] [MainThread]: os info: Windows-11-10.0.26200-SP0
[0m22:26:00.868117 [info ] [MainThread]: Using profiles dir at C:\Users\tqvkh\.dbt
[0m22:26:00.868398 [info ] [MainThread]: Using profiles.yml file at C:\Users\tqvkh\.dbt\profiles.yml
[0m22:26:00.868666 [info ] [MainThread]: Using dbt_project.yml file at dbt\dbt_project.yml
[0m22:26:00.869479 [info ] [MainThread]: Configuration:
[0m22:26:00.869799 [info ] [MainThread]:   profiles.yml file [[31mERROR not found[0m]
[0m22:26:00.870092 [info ] [MainThread]:   dbt_project.yml file [[31mERROR invalid[0m]
[0m22:26:00.870611 [info ] [MainThread]: Required dependencies:
[0m22:26:00.871170 [debug] [MainThread]: Executing "git --help"
[0m22:26:00.915855 [debug] [MainThread]: STDOUT: "b"usage: git [-v | --version] [-h | --help] [-C <path>] [-c <name>=<value>]\n           [--exec-path[=<path>]] [--html-path] [--man-path] [--info-path]\n           [-p | --paginate | -P | --no-pager] [--no-replace-objects] [--no-lazy-fetch]\n           [--no-optional-locks] [--no-advice] [--bare] [--git-dir=<path>]\n           [--work-tree=<path>] [--namespace=<name>] [--config-env=<name>=<envvar>]\n           <command> [<args>]\n\nThese are common Git commands used in various situations:\n\nstart a working area (see also: git help tutorial)\n   clone      Clone a repository into a new directory\n   init       Create an empty Git repository or reinitialize an existing one\n\nwork on the current change (see also: git help everyday)\n   add        Add file contents to the index\n   mv         Move or rename a file, a directory, or a symlink\n   restore    Restore working tree files\n   rm         Remove files from the working tree and from the index\n\nexamine the history and state (see also: git help revisions)\n   bisect     Use binary search to find the commit that introduced a bug\n   diff       Show changes between commits, commit and working tree, etc\n   grep       Print lines matching a pattern\n   log        Show commit logs\n   show       Show various types of objects\n   status     Show the working tree status\n\ngrow, mark and tweak your common history\n   backfill   Download missing objects in a partial clone\n   branch     List, create, or delete branches\n   commit     Record changes to the repository\n   merge      Join two or more development histories together\n   rebase     Reapply commits on top of another base tip\n   reset      Reset current HEAD to the specified state\n   switch     Switch branches\n   tag        Create, list, delete or verify a tag object signed with GPG\n\ncollaborate (see also: git help workflows)\n   fetch      Download objects and refs from another repository\n   pull       Fetch from and integrate with another repository or a local branch\n   push       Update remote refs along with associated objects\n\n'git help -a' and 'git help -g' list available subcommands and some\nconcept guides. See 'git help <command>' or 'git help <concept>'\nto read about a specific subcommand or concept.\nSee 'git help git' for an overview of the system.\n""
[0m22:26:00.916357 [debug] [MainThread]: STDERR: "b''"
[0m22:26:00.916743 [info ] [MainThread]:  - git [[32mOK found[0m]

[0m22:26:00.917267 [info ] [MainThread]: Connection test skipped since no profile was found
[0m22:26:00.917905 [info ] [MainThread]: [31m2 checks failed:[0m
[0m22:26:00.918401 [info ] [MainThread]: dbt looked for a profiles.yml file in C:\Users\tqvkh\.dbt\profiles.yml, but did
not find one. For more information on configuring your profile, consult the
documentation:

https://docs.getdbt.com/docs/configure-your-profile


[0m22:26:00.918958 [info ] [MainThread]: Project loading failed for the following reason:
Runtime Error
  dbt_project.yml does not parse to a dictionary


[0m22:26:00.919966 [debug] [MainThread]: Command `dbt debug` failed at 22:26:00.919847 after 0.42 seconds
[0m22:26:00.920305 [debug] [MainThread]: Sending event: {'category': 'dbt', 'action': 'invocation', 'label': 'end', 'context': [<snowplow_tracker.self_describing_json.SelfDescribingJson object at 0x000001CF4D6F1810>, <snowplow_tracker.self_describing_json.SelfDescribingJson object at 0x000001CF4D6D9250>, <snowplow_tracker.self_describing_json.SelfDescribingJson object at 0x000001CF4D6AF680>]}
[0m22:26:00.920640 [debug] [MainThread]: Flushing usage events
[0m22:26:02.194068 [debug] [MainThread]: An error was encountered while trying to flush usage events
[0m22:30:38.055122 [debug] [MainThread]: Sending event: {'category': 'dbt', 'action': 'invocation', 'label': 'start', 'context': [<snowplow_tracker.self_describing_json.SelfDescribingJson object at 0x00000231A5FCC980>, <snowplow_tracker.self_describing_json.SelfDescribingJson object at 0x00000231A1B89090>, <snowplow_tracker.self_describing_json.SelfDescribingJson object at 0x00000231A84AF9D0>]}


============================== 22:30:38.059954 | 41af798b-889f-4d5c-b9a7-0070e1f46e8b ==============================
[0m22:30:38.059954 [info ] [MainThread]: Running with dbt=1.12.0-b3
[0m22:30:38.060810 [debug] [MainThread]: running dbt with arguments {'cache_selected_only': 'False', 'target_path': 'None', 'use_colors': 'True', 'profiles_dir': 'C:\\Users\\tqvkh\\.dbt', 'no_print': 'None', 'warn_error': 'None', 'indirect_selection': 'eager', 'partial_parse': 'True', 'log_path': 'logs', 'send_anonymous_usage_stats': 'True', 'static_parser': 'True', 'warn_error_options': 'WarnErrorOptionsV2(error=[], warn=[], silence=[])', 'maximum_seed_size_mib': '1', 'fail_fast': 'False', 'version_check': 'True', 'use_experimental_parser': 'False', 'quiet': 'False', 'introspect': 'True', 'empty': 'None', 'log_cache_events': 'False', 'debug': 'False', 'log_format': 'default', 'invocation_command': 'dbt debug --project-dir dbt', 'printer_width': '80', 'write_json': 'True'}
[0m22:30:38.089225 [info ] [MainThread]: dbt version: 1.12.0-b3
[0m22:30:38.089806 [info ] [MainThread]: python version: 3.13.2
[0m22:30:38.090271 [info ] [MainThread]: python path: C:\Users\tqvkh\AppData\Local\Programs\Python\Python313\python.exe
[0m22:30:38.091078 [info ] [MainThread]: os info: Windows-11-10.0.26200-SP0
[0m22:30:38.091657 [info ] [MainThread]: Using profiles dir at C:\Users\tqvkh\.dbt
[0m22:30:38.092078 [info ] [MainThread]: Using profiles.yml file at C:\Users\tqvkh\.dbt\profiles.yml
[0m22:30:38.092607 [info ] [MainThread]: Using dbt_project.yml file at dbt\dbt_project.yml
[0m22:30:38.094136 [info ] [MainThread]: Configuration:
[0m22:30:38.094628 [info ] [MainThread]:   profiles.yml file [[31mERROR not found[0m]
[0m22:30:38.095298 [info ] [MainThread]:   dbt_project.yml file [[31mERROR invalid[0m]
[0m22:30:38.095879 [info ] [MainThread]: Required dependencies:
[0m22:30:38.096449 [debug] [MainThread]: Executing "git --help"
[0m22:30:38.142272 [debug] [MainThread]: STDOUT: "b"usage: git [-v | --version] [-h | --help] [-C <path>] [-c <name>=<value>]\n           [--exec-path[=<path>]] [--html-path] [--man-path] [--info-path]\n           [-p | --paginate | -P | --no-pager] [--no-replace-objects] [--no-lazy-fetch]\n           [--no-optional-locks] [--no-advice] [--bare] [--git-dir=<path>]\n           [--work-tree=<path>] [--namespace=<name>] [--config-env=<name>=<envvar>]\n           <command> [<args>]\n\nThese are common Git commands used in various situations:\n\nstart a working area (see also: git help tutorial)\n   clone      Clone a repository into a new directory\n   init       Create an empty Git repository or reinitialize an existing one\n\nwork on the current change (see also: git help everyday)\n   add        Add file contents to the index\n   mv         Move or rename a file, a directory, or a symlink\n   restore    Restore working tree files\n   rm         Remove files from the working tree and from the index\n\nexamine the history and state (see also: git help revisions)\n   bisect     Use binary search to find the commit that introduced a bug\n   diff       Show changes between commits, commit and working tree, etc\n   grep       Print lines matching a pattern\n   log        Show commit logs\n   show       Show various types of objects\n   status     Show the working tree status\n\ngrow, mark and tweak your common history\n   backfill   Download missing objects in a partial clone\n   branch     List, create, or delete branches\n   commit     Record changes to the repository\n   merge      Join two or more development histories together\n   rebase     Reapply commits on top of another base tip\n   reset      Reset current HEAD to the specified state\n   switch     Switch branches\n   tag        Create, list, delete or verify a tag object signed with GPG\n\ncollaborate (see also: git help workflows)\n   fetch      Download objects and refs from another repository\n   pull       Fetch from and integrate with another repository or a local branch\n   push       Update remote refs along with associated objects\n\n'git help -a' and 'git help -g' list available subcommands and some\nconcept guides. See 'git help <command>' or 'git help <concept>'\nto read about a specific subcommand or concept.\nSee 'git help git' for an overview of the system.\n""
[0m22:30:38.142742 [debug] [MainThread]: STDERR: "b''"
[0m22:30:38.143109 [info ] [MainThread]:  - git [[32mOK found[0m]

[0m22:30:38.143624 [info ] [MainThread]: Connection test skipped since no profile was found
[0m22:30:38.144246 [info ] [MainThread]: [31m2 checks failed:[0m
[0m22:30:38.144706 [info ] [MainThread]: dbt looked for a profiles.yml file in C:\Users\tqvkh\.dbt\profiles.yml, but did
not find one. For more information on configuring your profile, consult the
documentation:

https://docs.getdbt.com/docs/configure-your-profile


[0m22:30:38.144989 [info ] [MainThread]: Project loading failed for the following reason:
Runtime Error
  dbt_project.yml does not parse to a dictionary


[0m22:30:38.145724 [debug] [MainThread]: Command `dbt debug` failed at 22:30:38.145617 after 0.41 seconds
[0m22:30:38.146039 [debug] [MainThread]: Sending event: {'category': 'dbt', 'action': 'invocation', 'label': 'end', 'context': [<snowplow_tracker.self_describing_json.SelfDescribingJson object at 0x00000231A8541810>, <snowplow_tracker.self_describing_json.SelfDescribingJson object at 0x00000231A8529250>, <snowplow_tracker.self_describing_json.SelfDescribingJson object at 0x00000231A8503680>]}
[0m22:30:38.146369 [debug] [MainThread]: Flushing usage events
[0m22:30:39.362837 [debug] [MainThread]: An error was encountered while trying to flush usage events
